{"C:\\Users\\Guy Stephane\\Desktop\\React native\\Lost but found\\backend\\index.js": {"path":"C:\\Users\\Guy Stephane\\Desktop\\React native\\Lost but found\\backend\\index.js","statementMap":{"0":{"start":{"line":1,"column":0},"end":{"line":1,"column":27}},"1":{"start":{"line":2,"column":16},"end":{"line":2,"column":34}},"2":{"start":{"line":3,"column":18},"end":{"line":3,"column":53}},"3":{"start":{"line":4,"column":13},"end":{"line":4,"column":28}},"4":{"start":{"line":6,"column":12},"end":{"line":6,"column":21}},"5":{"start":{"line":7,"column":0},"end":{"line":7,"column":12}},"6":{"start":{"line":9,"column":0},"end":{"line":9,"column":16}},"7":{"start":{"line":10,"column":0},"end":{"line":10,"column":24}},"8":{"start":{"line":12,"column":0},"end":{"line":12,"column":47}},"9":{"start":{"line":13,"column":0},"end":{"line":13,"column":57}},"10":{"start":{"line":14,"column":0},"end":{"line":14,"column":50}},"11":{"start":{"line":15,"column":0},"end":{"line":15,"column":46}},"12":{"start":{"line":16,"column":0},"end":{"line":16,"column":48}},"13":{"start":{"line":17,"column":0},"end":{"line":17,"column":52}},"14":{"start":{"line":18,"column":0},"end":{"line":18,"column":63}},"15":{"start":{"line":18,"column":30},"end":{"line":18,"column":61}},"16":{"start":{"line":20,"column":0},"end":{"line":22,"column":3}},"17":{"start":{"line":21,"column":2},"end":{"line":21,"column":72}},"18":{"start":{"line":24,"column":13},"end":{"line":24,"column":37}},"19":{"start":{"line":25,"column":0},"end":{"line":27,"column":3}},"20":{"start":{"line":26,"column":2},"end":{"line":26,"column":51}}},"fnMap":{"0":{"name":"(anonymous_0)","decl":{"start":{"line":18,"column":16},"end":{"line":18,"column":17}},"loc":{"start":{"line":18,"column":30},"end":{"line":18,"column":61}},"line":18},"1":{"name":"(anonymous_1)","decl":{"start":{"line":20,"column":13},"end":{"line":20,"column":14}},"loc":{"start":{"line":20,"column":27},"end":{"line":22,"column":1}},"line":20},"2":{"name":"(anonymous_2)","decl":{"start":{"line":25,"column":17},"end":{"line":25,"column":18}},"loc":{"start":{"line":25,"column":23},"end":{"line":27,"column":1}},"line":25}},"branchMap":{"0":{"loc":{"start":{"line":24,"column":13},"end":{"line":24,"column":37}},"type":"binary-expr","locations":[{"start":{"line":24,"column":13},"end":{"line":24,"column":29}},{"start":{"line":24,"column":33},"end":{"line":24,"column":37}}],"line":24}},"s":{"0":1,"1":1,"2":1,"3":1,"4":1,"5":1,"6":1,"7":1,"8":1,"9":1,"10":1,"11":1,"12":1,"13":1,"14":1,"15":0,"16":1,"17":0,"18":1,"19":1,"20":0},"f":{"0":0,"1":0,"2":0},"b":{"0":[1,0]},"_coverageSchema":"1a1c01bbd47fc00a2c39e90264f33305004495a9","hash":"2b179775af76560a9469d41289a144864f3fbc71"}
,"C:\\Users\\Guy Stephane\\Desktop\\React native\\Lost but found\\backend\\middleware\\auth.js": {"path":"C:\\Users\\Guy Stephane\\Desktop\\React native\\Lost but found\\backend\\middleware\\auth.js","statementMap":{"0":{"start":{"line":1,"column":12},"end":{"line":1,"column":35}},"1":{"start":{"line":3,"column":13},"end":{"line":22,"column":1}},"2":{"start":{"line":4,"column":21},"end":{"line":4,"column":46}},"3":{"start":{"line":5,"column":2},"end":{"line":5,"column":42}},"4":{"start":{"line":7,"column":2},"end":{"line":9,"column":3}},"5":{"start":{"line":8,"column":4},"end":{"line":8,"column":80}},"6":{"start":{"line":11,"column":16},"end":{"line":11,"column":40}},"7":{"start":{"line":13,"column":2},"end":{"line":21,"column":3}},"8":{"start":{"line":14,"column":21},"end":{"line":14,"column":62}},"9":{"start":{"line":15,"column":4},"end":{"line":15,"column":44}},"10":{"start":{"line":16,"column":4},"end":{"line":16,"column":24}},"11":{"start":{"line":17,"column":4},"end":{"line":17,"column":11}},"12":{"start":{"line":19,"column":4},"end":{"line":19,"column":59}},"13":{"start":{"line":20,"column":4},"end":{"line":20,"column":56}},"14":{"start":{"line":24,"column":0},"end":{"line":24,"column":22}}},"fnMap":{"0":{"name":"(anonymous_0)","decl":{"start":{"line":3,"column":13},"end":{"line":3,"column":14}},"loc":{"start":{"line":3,"column":33},"end":{"line":22,"column":1}},"line":3}},"branchMap":{"0":{"loc":{"start":{"line":7,"column":2},"end":{"line":9,"column":3}},"type":"if","locations":[{"start":{"line":7,"column":2},"end":{"line":9,"column":3}},{"start":{},"end":{}}],"line":7},"1":{"loc":{"start":{"line":7,"column":6},"end":{"line":7,"column":54}},"type":"binary-expr","locations":[{"start":{"line":7,"column":6},"end":{"line":7,"column":17}},{"start":{"line":7,"column":21},"end":{"line":7,"column":54}}],"line":7}},"s":{"0":1,"1":1,"2":0,"3":0,"4":0,"5":0,"6":0,"7":0,"8":0,"9":0,"10":0,"11":0,"12":0,"13":0,"14":1},"f":{"0":0},"b":{"0":[0,0],"1":[0,0]},"_coverageSchema":"1a1c01bbd47fc00a2c39e90264f33305004495a9","hash":"65b9a4af7558caa6de10b8d26bc7f2811016528b"}
,"C:\\Users\\Guy Stephane\\Desktop\\React native\\Lost but found\\backend\\models\\Item.js": {"path":"C:\\Users\\Guy Stephane\\Desktop\\React native\\Lost but found\\backend\\models\\Item.js","statementMap":{"0":{"start":{"line":1,"column":17},"end":{"line":1,"column":36}},"1":{"start":{"line":3,"column":19},"end":{"line":40,"column":2}},"2":{"start":{"line":42,"column":13},"end":{"line":42,"column":47}},"3":{"start":{"line":43,"column":0},"end":{"line":43,"column":22}}},"fnMap":{},"branchMap":{},"s":{"0":1,"1":1,"2":1,"3":1},"f":{},"b":{},"_coverageSchema":"1a1c01bbd47fc00a2c39e90264f33305004495a9","hash":"6ead6e103b0132d198cd806059d3ccf4d1a743b4"}
,"C:\\Users\\Guy Stephane\\Desktop\\React native\\Lost but found\\backend\\models\\User.js": {"path":"C:\\Users\\Guy Stephane\\Desktop\\React native\\Lost but found\\backend\\models\\User.js","statementMap":{"0":{"start":{"line":1,"column":17},"end":{"line":1,"column":36}},"1":{"start":{"line":3,"column":19},"end":{"line":39,"column":2}},"2":{"start":{"line":41,"column":13},"end":{"line":41,"column":47}},"3":{"start":{"line":42,"column":0},"end":{"line":42,"column":22}}},"fnMap":{},"branchMap":{},"s":{"0":1,"1":1,"2":1,"3":1},"f":{},"b":{},"_coverageSchema":"1a1c01bbd47fc00a2c39e90264f33305004495a9","hash":"e64af91f1fca175e395fae12483c4a713783ed9f"}
,"C:\\Users\\Guy Stephane\\Desktop\\React native\\Lost but found\\backend\\routes\\auth.js": {"path":"C:\\Users\\Guy Stephane\\Desktop\\React native\\Lost but found\\backend\\routes\\auth.js","statementMap":{"0":{"start":{"line":1,"column":16},"end":{"line":1,"column":34}},"1":{"start":{"line":2,"column":15},"end":{"line":2,"column":32}},"2":{"start":{"line":3,"column":13},"end":{"line":3,"column":38}},"3":{"start":{"line":4,"column":12},"end":{"line":4,"column":35}},"4":{"start":{"line":6,"column":15},"end":{"line":6,"column":31}},"5":{"start":{"line":8,"column":0},"end":{"line":29,"column":3}},"6":{"start":{"line":9,"column":19},"end":{"line":9,"column":27}},"7":{"start":{"line":10,"column":2},"end":{"line":10,"column":54}},"8":{"start":{"line":11,"column":2},"end":{"line":28,"column":3}},"9":{"start":{"line":12,"column":21},"end":{"line":12,"column":66}},"10":{"start":{"line":13,"column":4},"end":{"line":14,"column":70}},"11":{"start":{"line":14,"column":6},"end":{"line":14,"column":70}},"12":{"start":{"line":16,"column":17},"end":{"line":16,"column":41}},"13":{"start":{"line":17,"column":27},"end":{"line":17,"column":69}},"14":{"start":{"line":19,"column":4},"end":{"line":19,"column":39}},"15":{"start":{"line":21,"column":17},"end":{"line":21,"column":35}},"16":{"start":{"line":22,"column":4},"end":{"line":22,"column":22}},"17":{"start":{"line":24,"column":4},"end":{"line":24,"column":65}},"18":{"start":{"line":26,"column":4},"end":{"line":26,"column":32}},"19":{"start":{"line":27,"column":4},"end":{"line":27,"column":64}},"20":{"start":{"line":31,"column":0},"end":{"line":57,"column":3}},"21":{"start":{"line":32,"column":19},"end":{"line":32,"column":27}},"22":{"start":{"line":33,"column":2},"end":{"line":33,"column":53}},"23":{"start":{"line":34,"column":2},"end":{"line":56,"column":3}},"24":{"start":{"line":35,"column":17},"end":{"line":35,"column":62}},"25":{"start":{"line":36,"column":4},"end":{"line":36,"column":74}},"26":{"start":{"line":36,"column":15},"end":{"line":36,"column":74}},"27":{"start":{"line":37,"column":27},"end":{"line":40,"column":5}},"28":{"start":{"line":41,"column":4},"end":{"line":42,"column":69}},"29":{"start":{"line":42,"column":6},"end":{"line":42,"column":69}},"30":{"start":{"line":43,"column":18},"end":{"line":45,"column":6}},"31":{"start":{"line":46,"column":4},"end":{"line":46,"column":54}},"32":{"start":{"line":47,"column":43},"end":{"line":47,"column":58}},"33":{"start":{"line":48,"column":4},"end":{"line":52,"column":7}},"34":{"start":{"line":54,"column":4},"end":{"line":54,"column":32}},"35":{"start":{"line":55,"column":4},"end":{"line":55,"column":63}},"36":{"start":{"line":58,"column":0},"end":{"line":58,"column":24}}},"fnMap":{"0":{"name":"(anonymous_0)","decl":{"start":{"line":8,"column":23},"end":{"line":8,"column":24}},"loc":{"start":{"line":8,"column":43},"end":{"line":29,"column":1}},"line":8},"1":{"name":"(anonymous_1)","decl":{"start":{"line":31,"column":22},"end":{"line":31,"column":23}},"loc":{"start":{"line":31,"column":42},"end":{"line":57,"column":1}},"line":31}},"branchMap":{"0":{"loc":{"start":{"line":13,"column":4},"end":{"line":14,"column":70}},"type":"if","locations":[{"start":{"line":13,"column":4},"end":{"line":14,"column":70}},{"start":{},"end":{}}],"line":13},"1":{"loc":{"start":{"line":36,"column":4},"end":{"line":36,"column":74}},"type":"if","locations":[{"start":{"line":36,"column":4},"end":{"line":36,"column":74}},{"start":{},"end":{}}],"line":36},"2":{"loc":{"start":{"line":41,"column":4},"end":{"line":42,"column":69}},"type":"if","locations":[{"start":{"line":41,"column":4},"end":{"line":42,"column":69}},{"start":{},"end":{}}],"line":41}},"s":{"0":1,"1":1,"2":1,"3":1,"4":1,"5":1,"6":0,"7":0,"8":0,"9":0,"10":0,"11":0,"12":0,"13":0,"14":0,"15":0,"16":0,"17":0,"18":0,"19":0,"20":1,"21":0,"22":0,"23":0,"24":0,"25":0,"26":0,"27":0,"28":0,"29":0,"30":0,"31":0,"32":0,"33":0,"34":0,"35":0,"36":1},"f":{"0":0,"1":0},"b":{"0":[0,0],"1":[0,0],"2":[0,0]},"_coverageSchema":"1a1c01bbd47fc00a2c39e90264f33305004495a9","hash":"2f86821d1dcfdce330d449ce1a0c4624c76c099b"}
,"C:\\Users\\Guy Stephane\\Desktop\\React native\\Lost but found\\backend\\routes\\get-user-items.js": {"path":"C:\\Users\\Guy Stephane\\Desktop\\React native\\Lost but found\\backend\\routes\\get-user-items.js","statementMap":{"0":{"start":{"line":1,"column":16},"end":{"line":1,"column":34}},"1":{"start":{"line":2,"column":15},"end":{"line":2,"column":31}},"2":{"start":{"line":3,"column":13},"end":{"line":3,"column":38}},"3":{"start":{"line":4,"column":13},"end":{"line":4,"column":42}},"4":{"start":{"line":6,"column":0},"end":{"line":15,"column":3}},"5":{"start":{"line":7,"column":17},"end":{"line":7,"column":29}},"6":{"start":{"line":8,"column":2},"end":{"line":14,"column":3}},"7":{"start":{"line":9,"column":18},"end":{"line":9,"column":55}},"8":{"start":{"line":10,"column":4},"end":{"line":10,"column":32}},"9":{"start":{"line":12,"column":4},"end":{"line":12,"column":50}},"10":{"start":{"line":13,"column":4},"end":{"line":13,"column":63}},"11":{"start":{"line":17,"column":0},"end":{"line":17,"column":24}}},"fnMap":{"0":{"name":"(anonymous_0)","decl":{"start":{"line":6,"column":31},"end":{"line":6,"column":32}},"loc":{"start":{"line":6,"column":51},"end":{"line":15,"column":1}},"line":6}},"branchMap":{},"s":{"0":1,"1":1,"2":1,"3":1,"4":1,"5":0,"6":0,"7":0,"8":0,"9":0,"10":0,"11":1},"f":{"0":0},"b":{},"_coverageSchema":"1a1c01bbd47fc00a2c39e90264f33305004495a9","hash":"a9b6ad19d7fd95a1d236a0520c3d8f53c6a30563"}
,"C:\\Users\\Guy Stephane\\Desktop\\React native\\Lost but found\\backend\\routes\\getItems.js": {"path":"C:\\Users\\Guy Stephane\\Desktop\\React native\\Lost but found\\backend\\routes\\getItems.js","statementMap":{"0":{"start":{"line":3,"column":0},"end":{"line":3,"column":27}},"1":{"start":{"line":4,"column":16},"end":{"line":4,"column":34}},"2":{"start":{"line":5,"column":15},"end":{"line":5,"column":31}},"3":{"start":{"line":7,"column":0},"end":{"line":9,"column":3}},"4":{"start":{"line":11,"column":0},"end":{"line":11,"column":24}}},"fnMap":{"0":{"name":"(anonymous_0)","decl":{"start":{"line":7,"column":25},"end":{"line":7,"column":26}},"loc":{"start":{"line":7,"column":37},"end":{"line":9,"column":1}},"line":7}},"branchMap":{},"s":{"0":1,"1":1,"2":1,"3":1,"4":1},"f":{"0":0},"b":{},"_coverageSchema":"1a1c01bbd47fc00a2c39e90264f33305004495a9","hash":"040ffa38750c0ecdc62bd5d0dbbb1c4477177f9e"}
,"C:\\Users\\Guy Stephane\\Desktop\\React native\\Lost but found\\backend\\routes\\loggedinUser.js": {"path":"C:\\Users\\Guy Stephane\\Desktop\\React native\\Lost but found\\backend\\routes\\loggedinUser.js","statementMap":{"0":{"start":{"line":1,"column":16},"end":{"line":1,"column":34}},"1":{"start":{"line":2,"column":15},"end":{"line":2,"column":31}},"2":{"start":{"line":3,"column":13},"end":{"line":3,"column":38}},"3":{"start":{"line":4,"column":13},"end":{"line":4,"column":42}},"4":{"start":{"line":6,"column":0},"end":{"line":17,"column":3}},"5":{"start":{"line":7,"column":2},"end":{"line":16,"column":3}},"6":{"start":{"line":8,"column":17},"end":{"line":8,"column":74}},"7":{"start":{"line":9,"column":4},"end":{"line":11,"column":5}},"8":{"start":{"line":10,"column":6},"end":{"line":10,"column":65}},"9":{"start":{"line":12,"column":4},"end":{"line":12,"column":35}},"10":{"start":{"line":14,"column":4},"end":{"line":14,"column":32}},"11":{"start":{"line":15,"column":4},"end":{"line":15,"column":63}},"12":{"start":{"line":19,"column":0},"end":{"line":19,"column":24}}},"fnMap":{"0":{"name":"(anonymous_0)","decl":{"start":{"line":6,"column":24},"end":{"line":6,"column":25}},"loc":{"start":{"line":6,"column":44},"end":{"line":17,"column":1}},"line":6}},"branchMap":{"0":{"loc":{"start":{"line":9,"column":4},"end":{"line":11,"column":5}},"type":"if","locations":[{"start":{"line":9,"column":4},"end":{"line":11,"column":5}},{"start":{},"end":{}}],"line":9}},"s":{"0":1,"1":1,"2":1,"3":1,"4":1,"5":0,"6":0,"7":0,"8":0,"9":0,"10":0,"11":0,"12":1},"f":{"0":0},"b":{"0":[0,0]},"_coverageSchema":"1a1c01bbd47fc00a2c39e90264f33305004495a9","hash":"2499a76fe1d91b4adcdd0894ccf562f7140839d1"}
,"C:\\Users\\Guy Stephane\\Desktop\\React native\\Lost but found\\backend\\routes\\post-items.js": {"path":"C:\\Users\\Guy Stephane\\Desktop\\React native\\Lost but found\\backend\\routes\\post-items.js","statementMap":{"0":{"start":{"line":1,"column":16},"end":{"line":1,"column":34}},"1":{"start":{"line":2,"column":15},"end":{"line":2,"column":31}},"2":{"start":{"line":3,"column":13},"end":{"line":3,"column":38}},"3":{"start":{"line":4,"column":13},"end":{"line":4,"column":42}},"4":{"start":{"line":6,"column":0},"end":{"line":21,"column":3}},"5":{"start":{"line":7,"column":19},"end":{"line":7,"column":27}},"6":{"start":{"line":8,"column":2},"end":{"line":8,"column":47}},"7":{"start":{"line":9,"column":17},"end":{"line":9,"column":45}},"8":{"start":{"line":10,"column":2},"end":{"line":12,"column":3}},"9":{"start":{"line":11,"column":4},"end":{"line":11,"column":61}},"10":{"start":{"line":13,"column":2},"end":{"line":20,"column":3}},"11":{"start":{"line":14,"column":17},"end":{"line":14,"column":60}},"12":{"start":{"line":15,"column":4},"end":{"line":15,"column":22}},"13":{"start":{"line":16,"column":4},"end":{"line":16,"column":71}},"14":{"start":{"line":18,"column":4},"end":{"line":18,"column":47}},"15":{"start":{"line":19,"column":4},"end":{"line":19,"column":70}},"16":{"start":{"line":23,"column":0},"end":{"line":23,"column":24}}},"fnMap":{"0":{"name":"(anonymous_0)","decl":{"start":{"line":6,"column":33},"end":{"line":6,"column":34}},"loc":{"start":{"line":6,"column":53},"end":{"line":21,"column":1}},"line":6}},"branchMap":{"0":{"loc":{"start":{"line":9,"column":17},"end":{"line":9,"column":45}},"type":"binary-expr","locations":[{"start":{"line":9,"column":17},"end":{"line":9,"column":29}},{"start":{"line":9,"column":33},"end":{"line":9,"column":45}}],"line":9},"1":{"loc":{"start":{"line":10,"column":2},"end":{"line":12,"column":3}},"type":"if","locations":[{"start":{"line":10,"column":2},"end":{"line":12,"column":3}},{"start":{},"end":{}}],"line":10}},"s":{"0":1,"1":1,"2":1,"3":1,"4":1,"5":0,"6":0,"7":0,"8":0,"9":0,"10":0,"11":0,"12":0,"13":0,"14":0,"15":0,"16":1},"f":{"0":0},"b":{"0":[0,0],"1":[0,0]},"_coverageSchema":"1a1c01bbd47fc00a2c39e90264f33305004495a9","hash":"05fc67b8dee6dd20248bcb3462c803af16c9c814"}
,"C:\\Users\\Guy Stephane\\Desktop\\React native\\Lost but found\\backend\\routes\\protected.js": {"path":"C:\\Users\\Guy Stephane\\Desktop\\React native\\Lost but found\\backend\\routes\\protected.js","statementMap":{"0":{"start":{"line":1,"column":16},"end":{"line":1,"column":34}},"1":{"start":{"line":2,"column":13},"end":{"line":2,"column":42}},"2":{"start":{"line":3,"column":15},"end":{"line":3,"column":31}},"3":{"start":{"line":5,"column":0},"end":{"line":7,"column":3}},"4":{"start":{"line":6,"column":2},"end":{"line":6,"column":69}},"5":{"start":{"line":9,"column":0},"end":{"line":9,"column":24}}},"fnMap":{"0":{"name":"(anonymous_0)","decl":{"start":{"line":5,"column":31},"end":{"line":5,"column":32}},"loc":{"start":{"line":5,"column":45},"end":{"line":7,"column":1}},"line":5}},"branchMap":{},"s":{"0":1,"1":1,"2":1,"3":1,"4":0,"5":1},"f":{"0":0},"b":{},"_coverageSchema":"1a1c01bbd47fc00a2c39e90264f33305004495a9","hash":"449d0bf1503f7a2001afb4e5ce75a4fa4a5b8a76"}
,"C:\\Users\\Guy Stephane\\Desktop\\React native\\Lost but found\\backend\\scripts\\connectMongoDB.js": {"path":"C:\\Users\\Guy Stephane\\Desktop\\React native\\Lost but found\\backend\\scripts\\connectMongoDB.js","statementMap":{"0":{"start":{"line":2,"column":17},"end":{"line":2,"column":36}},"1":{"start":{"line":3,"column":17},"end":{"line":3,"column":38}},"2":{"start":{"line":4,"column":23},"end":{"line":11,"column":1}},"3":{"start":{"line":5,"column":2},"end":{"line":10,"column":3}},"4":{"start":{"line":6,"column":4},"end":{"line":6,"column":37}},"5":{"start":{"line":7,"column":4},"end":{"line":7,"column":50}},"6":{"start":{"line":9,"column":4},"end":{"line":9,"column":63}},"7":{"start":{"line":13,"column":0},"end":{"line":13,"column":32}}},"fnMap":{"0":{"name":"(anonymous_0)","decl":{"start":{"line":4,"column":23},"end":{"line":4,"column":24}},"loc":{"start":{"line":4,"column":35},"end":{"line":11,"column":1}},"line":4}},"branchMap":{},"s":{"0":1,"1":1,"2":1,"3":1,"4":1,"5":0,"6":0,"7":1},"f":{"0":1},"b":{},"_coverageSchema":"1a1c01bbd47fc00a2c39e90264f33305004495a9","hash":"e3e04bfda6ca533420e9341f04e93034dd920d75"}
}
